mode: set
github.com/techschool/simplebank/db/sqlc/account.sql.go:24.104,35.2 4 1
github.com/techschool/simplebank/db/sqlc/account.sql.go:54.96,65.2 4 1
github.com/techschool/simplebank/db/sqlc/account.sql.go:72.70,75.2 2 1
github.com/techschool/simplebank/db/sqlc/account.sql.go:82.78,93.2 4 1
github.com/techschool/simplebank/db/sqlc/account.sql.go:101.87,112.2 4 0
github.com/techschool/simplebank/db/sqlc/account.sql.go:126.96,128.16 2 1
github.com/techschool/simplebank/db/sqlc/account.sql.go:128.16,130.3 1 0
github.com/techschool/simplebank/db/sqlc/account.sql.go:131.2,133.18 3 1
github.com/techschool/simplebank/db/sqlc/account.sql.go:133.18,141.17 2 1
github.com/techschool/simplebank/db/sqlc/account.sql.go:141.17,143.4 1 0
github.com/techschool/simplebank/db/sqlc/account.sql.go:144.3,144.27 1 1
github.com/techschool/simplebank/db/sqlc/account.sql.go:146.2,146.37 1 1
github.com/techschool/simplebank/db/sqlc/account.sql.go:146.37,148.3 1 0
github.com/techschool/simplebank/db/sqlc/account.sql.go:149.2,149.35 1 1
github.com/techschool/simplebank/db/sqlc/account.sql.go:149.35,151.3 1 0
github.com/techschool/simplebank/db/sqlc/account.sql.go:152.2,152.19 1 1
github.com/techschool/simplebank/db/sqlc/account.sql.go:173.96,184.2 4 1
github.com/techschool/simplebank/db/sqlc/db.go:19.28,21.2 1 1
github.com/techschool/simplebank/db/sqlc/db.go:27.47,31.2 1 0
github.com/techschool/simplebank/db/sqlc/entry.sql.go:26.90,36.2 4 1
github.com/techschool/simplebank/db/sqlc/entry.sql.go:43.74,53.2 4 1
github.com/techschool/simplebank/db/sqlc/entry.sql.go:69.92,71.16 2 0
github.com/techschool/simplebank/db/sqlc/entry.sql.go:71.16,73.3 1 0
github.com/techschool/simplebank/db/sqlc/entry.sql.go:74.2,76.18 3 0
github.com/techschool/simplebank/db/sqlc/entry.sql.go:76.18,83.17 2 0
github.com/techschool/simplebank/db/sqlc/entry.sql.go:83.17,85.4 1 0
github.com/techschool/simplebank/db/sqlc/entry.sql.go:86.3,86.27 1 0
github.com/techschool/simplebank/db/sqlc/entry.sql.go:88.2,88.37 1 0
github.com/techschool/simplebank/db/sqlc/entry.sql.go:88.37,90.3 1 0
github.com/techschool/simplebank/db/sqlc/entry.sql.go:91.2,91.35 1 0
github.com/techschool/simplebank/db/sqlc/entry.sql.go:91.35,93.3 1 0
github.com/techschool/simplebank/db/sqlc/entry.sql.go:94.2,94.19 1 0
github.com/techschool/simplebank/db/sqlc/store.go:17.34,22.2 1 1
github.com/techschool/simplebank/db/sqlc/store.go:26.78,28.16 2 1
github.com/techschool/simplebank/db/sqlc/store.go:28.16,30.3 1 0
github.com/techschool/simplebank/db/sqlc/store.go:32.2,34.16 3 1
github.com/techschool/simplebank/db/sqlc/store.go:34.16,41.43 1 0
github.com/techschool/simplebank/db/sqlc/store.go:41.43,43.4 1 0
github.com/techschool/simplebank/db/sqlc/store.go:44.3,44.13 1 0
github.com/techschool/simplebank/db/sqlc/store.go:48.2,48.20 1 1
github.com/techschool/simplebank/db/sqlc/store.go:72.101,75.50 2 1
github.com/techschool/simplebank/db/sqlc/store.go:75.50,85.17 3 1
github.com/techschool/simplebank/db/sqlc/store.go:85.17,87.4 1 0
github.com/techschool/simplebank/db/sqlc/store.go:89.3,93.17 2 1
github.com/techschool/simplebank/db/sqlc/store.go:93.17,95.4 1 0
github.com/techschool/simplebank/db/sqlc/store.go:96.3,100.17 2 1
github.com/techschool/simplebank/db/sqlc/store.go:100.17,102.4 1 0
github.com/techschool/simplebank/db/sqlc/store.go:105.3,109.17 2 1
github.com/techschool/simplebank/db/sqlc/store.go:109.17,111.4 1 0
github.com/techschool/simplebank/db/sqlc/store.go:114.3,118.17 2 1
github.com/techschool/simplebank/db/sqlc/store.go:118.17,120.4 1 0
github.com/techschool/simplebank/db/sqlc/store.go:122.3,122.13 1 1
github.com/techschool/simplebank/db/sqlc/store.go:125.2,125.20 1 1
github.com/techschool/simplebank/db/sqlc/transfer.sql.go:28.99,39.2 4 1
github.com/techschool/simplebank/db/sqlc/transfer.sql.go:46.80,57.2 4 1
github.com/techschool/simplebank/db/sqlc/transfer.sql.go:76.99,83.16 2 0
github.com/techschool/simplebank/db/sqlc/transfer.sql.go:83.16,85.3 1 0
github.com/techschool/simplebank/db/sqlc/transfer.sql.go:86.2,88.18 3 0
github.com/techschool/simplebank/db/sqlc/transfer.sql.go:88.18,96.17 2 0
github.com/techschool/simplebank/db/sqlc/transfer.sql.go:96.17,98.4 1 0
github.com/techschool/simplebank/db/sqlc/transfer.sql.go:99.3,99.27 1 0
github.com/techschool/simplebank/db/sqlc/transfer.sql.go:101.2,101.37 1 0
github.com/techschool/simplebank/db/sqlc/transfer.sql.go:101.37,103.3 1 0
github.com/techschool/simplebank/db/sqlc/transfer.sql.go:104.2,104.35 1 0
github.com/techschool/simplebank/db/sqlc/transfer.sql.go:104.35,106.3 1 0
github.com/techschool/simplebank/db/sqlc/transfer.sql.go:107.2,107.19 1 0
github.com/techschool/simplebank/util/random.go:12.13,14.2 1 1
github.com/techschool/simplebank/util/random.go:17.37,19.2 1 1
github.com/techschool/simplebank/util/random.go:22.33,26.26 3 1
github.com/techschool/simplebank/util/random.go:26.26,29.3 2 1
github.com/techschool/simplebank/util/random.go:31.2,31.20 1 1
github.com/techschool/simplebank/util/random.go:36.27,38.2 1 1
github.com/techschool/simplebank/util/random.go:41.26,43.2 1 1
github.com/techschool/simplebank/util/random.go:46.30,51.2 3 1
github.com/techschool/simplebank/util/random.go:12.13,14.2 1 0
github.com/techschool/simplebank/util/random.go:17.37,19.2 1 0
github.com/techschool/simplebank/util/random.go:22.33,26.26 3 0
github.com/techschool/simplebank/util/random.go:26.26,29.3 2 0
github.com/techschool/simplebank/util/random.go:31.2,31.20 1 0
github.com/techschool/simplebank/util/random.go:36.27,38.2 1 0
github.com/techschool/simplebank/util/random.go:41.26,43.2 1 0
github.com/techschool/simplebank/util/random.go:46.30,51.2 3 0
